This file contains any messages produced by compilers while
running configure, to aid debugging if configure makes a mistake.

It was created by configure, which was
generated by GNU Autoconf 2.69.  Invocation command line was

  $ ./configure 

## --------- ##
## Platform. ##
## --------- ##

hostname = raspberrypi
uname -m = armv7l
uname -r = 4.19.97-v7+
uname -s = Linux
uname -v = #1294 SMP Thu Jan 30 13:15:58 GMT 2020

/usr/bin/uname -p = unknown
/bin/uname -X     = unknown

/bin/arch              = unknown
/usr/bin/arch -k       = unknown
/usr/convex/getsysinfo = unknown
/usr/bin/hostinfo      = unknown
/bin/machine           = unknown
/usr/bin/oslevel       = unknown
/bin/universe          = unknown

PATH: /usr/local/sbin
PATH: /usr/local/bin
PATH: /usr/sbin
PATH: /usr/bin
PATH: /sbin
PATH: /bin


## ----------- ##
## Core tests. ##
## ----------- ##

configure:2412: checking for gcc
configure:2428: found /usr/bin/gcc
configure:2439: result: gcc
configure:2668: checking for C compiler version
configure:2677: gcc --version >&5
gcc (Raspbian 8.3.0-6+rpi1) 8.3.0
Copyright (C) 2018 Free Software Foundation, Inc.
This is free software; see the source for copying conditions.  There is NO
warranty; not even for MERCHANTABILITY or FITNESS FOR A PARTICULAR PURPOSE.

configure:2688: $? = 0
configure:2677: gcc -v >&5
Using built-in specs.
COLLECT_GCC=gcc
COLLECT_LTO_WRAPPER=/usr/lib/gcc/arm-linux-gnueabihf/8/lto-wrapper
Target: arm-linux-gnueabihf
Configured with: ../src/configure -v --with-pkgversion='Raspbian 8.3.0-6+rpi1' --with-bugurl=file:///usr/share/doc/gcc-8/README.Bugs --enable-languages=c,ada,c++,go,d,fortran,objc,obj-c++ --prefix=/usr --with-gcc-major-version-only --program-suffix=-8 --program-prefix=arm-linux-gnueabihf- --enable-shared --enable-linker-build-id --libexecdir=/usr/lib --without-included-gettext --enable-threads=posix --libdir=/usr/lib --enable-nls --enable-bootstrap --enable-clocale=gnu --enable-libstdcxx-debug --enable-libstdcxx-time=yes --with-default-libstdcxx-abi=new --enable-gnu-unique-object --disable-libitm --disable-libquadmath --disable-libquadmath-support --enable-plugin --with-system-zlib --with-target-system-zlib --enable-objc-gc=auto --enable-multiarch --disable-sjlj-exceptions --with-arch=armv6 --with-fpu=vfp --with-float=hard --disable-werror --enable-checking=release --build=arm-linux-gnueabihf --host=arm-linux-gnueabihf --target=arm-linux-gnueabihf
Thread model: posix
gcc version 8.3.0 (Raspbian 8.3.0-6+rpi1) 
configure:2688: $? = 0
configure:2677: gcc -V >&5
gcc: error: unrecognized command line option '-V'
gcc: fatal error: no input files
compilation terminated.
configure:2688: $? = 1
configure:2677: gcc -qversion >&5
gcc: error: unrecognized command line option '-qversion'; did you mean '--version'?
gcc: fatal error: no input files
compilation terminated.
configure:2688: $? = 1
configure:2708: checking whether the C compiler works
configure:2730: gcc    conftest.c  >&5
configure:2734: $? = 0
configure:2782: result: yes
configure:2785: checking for C compiler default output file name
configure:2787: result: a.out
configure:2793: checking for suffix of executables
configure:2800: gcc -o conftest    conftest.c  >&5
configure:2804: $? = 0
configure:2826: result: 
configure:2848: checking whether we are cross compiling
configure:2856: gcc -o conftest    conftest.c  >&5
configure:2860: $? = 0
configure:2867: ./conftest
configure:2871: $? = 0
configure:2859: result: no
configure:2864: checking for suffix of object files
configure:2886: gcc -c   conftest.c >&5
configure:2890: $? = 0
configure:2911: result: o
configure:2915: checking whether we are using the GNU C compiler
configure:2934: gcc -c   conftest.c >&5
configure:2934: $? = 0
configure:2943: result: yes
configure:2952: checking whether gcc accepts -g
configure:2972: gcc -c -g  conftest.c >&5
configure:2972: $? = 0
configure:3013: result: yes
configure:3030: checking for gcc option to accept ISO C89
configure:3093: gcc  -c -g -O2  conftest.c >&5
configure:3093: $? = 0
configure:3106: result: none needed
configure:3169: checking for ranlib
configure:3185: found /usr/bin/ranlib
configure:3196: result: ranlib
configure:3226: checking how to run the C preprocessor
configure:3257: gcc -E  conftest.c
configure:3257: $? = 0
configure:3271: gcc -E  conftest.c
conftest.c:9:10: fatal error: ac_nonexistent.h: No such file or directory
 #include <ac_nonexistent.h>
          ^~~~~~~~~~~~~~~~~~
compilation terminated.
configure:3271: $? = 1
configure: failed program was:
| /* confdefs.h */
| #define PACKAGE_NAME ""
| #define PACKAGE_TARNAME ""
| #define PACKAGE_VERSION ""
| #define PACKAGE_STRING ""
| #define PACKAGE_BUGREPORT ""
| #define PACKAGE_URL ""
| /* end confdefs.h.  */
| #include <ac_nonexistent.h>
configure:3296: result: gcc -E
configure:3316: gcc -E  conftest.c
configure:3316: $? = 0
configure:3330: gcc -E  conftest.c
conftest.c:9:10: fatal error: ac_nonexistent.h: No such file or directory
 #include <ac_nonexistent.h>
          ^~~~~~~~~~~~~~~~~~
compilation terminated.
configure:3330: $? = 1
configure: failed program was:
| /* confdefs.h */
| #define PACKAGE_NAME ""
| #define PACKAGE_TARNAME ""
| #define PACKAGE_VERSION ""
| #define PACKAGE_STRING ""
| #define PACKAGE_BUGREPORT ""
| #define PACKAGE_URL ""
| /* end confdefs.h.  */
| #include <ac_nonexistent.h>
configure:3359: checking for grep that handles long lines and -e
configure:3417: result: /bin/grep
configure:3422: checking for egrep
configure:3484: result: /bin/grep -E
configure:3489: checking for ANSI C header files
configure:3509: gcc -c -g -O2  conftest.c >&5
configure:3509: $? = 0
configure:3582: gcc -o conftest -g -O2   conftest.c  >&5
configure:3582: $? = 0
configure:3582: ./conftest
configure:3582: $? = 0
configure:3593: result: yes
configure:3601: checking for sys/wait.h that is POSIX.1 compatible
configure:3627: gcc -c -g -O2  conftest.c >&5
configure:3627: $? = 0
configure:3634: result: yes
configure:3647: checking for sys/types.h
configure:3647: gcc -c -g -O2  conftest.c >&5
configure:3647: $? = 0
configure:3647: result: yes
configure:3647: checking for sys/stat.h
configure:3647: gcc -c -g -O2  conftest.c >&5
configure:3647: $? = 0
configure:3647: result: yes
configure:3647: checking for stdlib.h
configure:3647: gcc -c -g -O2  conftest.c >&5
configure:3647: $? = 0
configure:3647: result: yes
configure:3647: checking for string.h
configure:3647: gcc -c -g -O2  conftest.c >&5
configure:3647: $? = 0
configure:3647: result: yes
configure:3647: checking for memory.h
configure:3647: gcc -c -g -O2  conftest.c >&5
configure:3647: $? = 0
configure:3647: result: yes
configure:3647: checking for strings.h
configure:3647: gcc -c -g -O2  conftest.c >&5
configure:3647: $? = 0
configure:3647: result: yes
configure:3647: checking for inttypes.h
configure:3647: gcc -c -g -O2  conftest.c >&5
configure:3647: $? = 0
configure:3647: result: yes
configure:3647: checking for stdint.h
configure:3647: gcc -c -g -O2  conftest.c >&5
configure:3647: $? = 0
configure:3647: result: yes
configure:3647: checking for unistd.h
configure:3647: gcc -c -g -O2  conftest.c >&5
configure:3647: $? = 0
configure:3647: result: yes
configure:3662: checking fcntl.h usability
configure:3662: gcc -c -g -O2  conftest.c >&5
configure:3662: $? = 0
configure:3662: result: yes
configure:3662: checking fcntl.h presence
configure:3662: gcc -E  conftest.c
configure:3662: $? = 0
configure:3662: result: yes
configure:3662: checking for fcntl.h
configure:3662: result: yes
configure:3662: checking sys/dlpi.h usability
configure:3662: gcc -c -g -O2  conftest.c >&5
conftest.c:54:10: fatal error: sys/dlpi.h: No such file or directory
 #include <sys/dlpi.h>
          ^~~~~~~~~~~~
compilation terminated.
configure:3662: $? = 1
configure: failed program was:
| /* confdefs.h */
| #define PACKAGE_NAME ""
| #define PACKAGE_TARNAME ""
| #define PACKAGE_VERSION ""
| #define PACKAGE_STRING ""
| #define PACKAGE_BUGREPORT ""
| #define PACKAGE_URL ""
| #define STDC_HEADERS 1
| #define HAVE_SYS_WAIT_H 1
| #define HAVE_SYS_TYPES_H 1
| #define HAVE_SYS_STAT_H 1
| #define HAVE_STDLIB_H 1
| #define HAVE_STRING_H 1
| #define HAVE_MEMORY_H 1
| #define HAVE_STRINGS_H 1
| #define HAVE_INTTYPES_H 1
| #define HAVE_STDINT_H 1
| #define HAVE_UNISTD_H 1
| #define HAVE_FCNTL_H 1
| /* end confdefs.h.  */
| #include <stdio.h>
| #ifdef HAVE_SYS_TYPES_H
| # include <sys/types.h>
| #endif
| #ifdef HAVE_SYS_STAT_H
| # include <sys/stat.h>
| #endif
| #ifdef STDC_HEADERS
| # include <stdlib.h>
| # include <stddef.h>
| #else
| # ifdef HAVE_STDLIB_H
| #  include <stdlib.h>
| # endif
| #endif
| #ifdef HAVE_STRING_H
| # if !defined STDC_HEADERS && defined HAVE_MEMORY_H
| #  include <memory.h>
| # endif
| # include <string.h>
| #endif
| #ifdef HAVE_STRINGS_H
| # include <strings.h>
| #endif
| #ifdef HAVE_INTTYPES_H
| # include <inttypes.h>
| #endif
| #ifdef HAVE_STDINT_H
| # include <stdint.h>
| #endif
| #ifdef HAVE_UNISTD_H
| # include <unistd.h>
| #endif
| #include <sys/dlpi.h>
configure:3662: result: no
configure:3662: checking sys/dlpi.h presence
configure:3662: gcc -E  conftest.c
conftest.c:21:10: fatal error: sys/dlpi.h: No such file or directory
 #include <sys/dlpi.h>
          ^~~~~~~~~~~~
compilation terminated.
configure:3662: $? = 1
configure: failed program was:
| /* confdefs.h */
| #define PACKAGE_NAME ""
| #define PACKAGE_TARNAME ""
| #define PACKAGE_VERSION ""
| #define PACKAGE_STRING ""
| #define PACKAGE_BUGREPORT ""
| #define PACKAGE_URL ""
| #define STDC_HEADERS 1
| #define HAVE_SYS_WAIT_H 1
| #define HAVE_SYS_TYPES_H 1
| #define HAVE_SYS_STAT_H 1
| #define HAVE_STDLIB_H 1
| #define HAVE_STRING_H 1
| #define HAVE_MEMORY_H 1
| #define HAVE_STRINGS_H 1
| #define HAVE_INTTYPES_H 1
| #define HAVE_STDINT_H 1
| #define HAVE_UNISTD_H 1
| #define HAVE_FCNTL_H 1
| /* end confdefs.h.  */
| #include <sys/dlpi.h>
configure:3662: result: no
configure:3662: checking for sys/dlpi.h
configure:3662: result: no
configure:3662: checking sys/ioctl.h usability
configure:3662: gcc -c -g -O2  conftest.c >&5
configure:3662: $? = 0
configure:3662: result: yes
configure:3662: checking sys/ioctl.h presence
configure:3662: gcc -E  conftest.c
configure:3662: $? = 0
configure:3662: result: yes
configure:3662: checking for sys/ioctl.h
configure:3662: result: yes
configure:3662: checking sys/time.h usability
configure:3662: gcc -c -g -O2  conftest.c >&5
configure:3662: $? = 0
configure:3662: result: yes
configure:3662: checking sys/time.h presence
configure:3662: gcc -E  conftest.c
configure:3662: $? = 0
configure:3662: result: yes
configure:3662: checking for sys/time.h
configure:3662: result: yes
configure:3662: checking syslog.h usability
configure:3662: gcc -c -g -O2  conftest.c >&5
configure:3662: $? = 0
configure:3662: result: yes
configure:3662: checking syslog.h presence
configure:3662: gcc -E  conftest.c
configure:3662: $? = 0
configure:3662: result: yes
configure:3662: checking for syslog.h
configure:3662: result: yes
configure:3662: checking for unistd.h
configure:3662: result: yes
configure:3662: checking net/if_arp.h usability
configure:3662: gcc -c -g -O2  conftest.c >&5
configure:3662: $? = 0
configure:3662: result: yes
configure:3662: checking net/if_arp.h presence
configure:3662: gcc -E  conftest.c
configure:3662: $? = 0
configure:3662: result: yes
configure:3662: checking for net/if_arp.h
configure:3662: result: yes
configure:3662: checking netinet/if_ether.h usability
configure:3662: gcc -c -g -O2  conftest.c >&5
configure:3662: $? = 0
configure:3662: result: yes
configure:3662: checking netinet/if_ether.h presence
configure:3662: gcc -E  conftest.c
configure:3662: $? = 0
configure:3662: result: yes
configure:3662: checking for netinet/if_ether.h
configure:3662: result: yes
configure:3662: checking getopt.h usability
configure:3662: gcc -c -g -O2  conftest.c >&5
configure:3662: $? = 0
configure:3662: result: yes
configure:3662: checking getopt.h presence
configure:3662: gcc -E  conftest.c
configure:3662: $? = 0
configure:3662: result: yes
configure:3662: checking for getopt.h
configure:3662: result: yes
configure:3662: checking sys/uio.h usability
configure:3662: gcc -c -g -O2  conftest.c >&5
configure:3662: $? = 0
configure:3662: result: yes
configure:3662: checking sys/uio.h presence
configure:3662: gcc -E  conftest.c
configure:3662: $? = 0
configure:3662: result: yes
configure:3662: checking for sys/uio.h
configure:3662: result: yes
configure:3662: checking sys/param.h usability
configure:3662: gcc -c -g -O2  conftest.c >&5
configure:3662: $? = 0
configure:3662: result: yes
configure:3662: checking sys/param.h presence
configure:3662: gcc -E  conftest.c
configure:3662: $? = 0
configure:3662: result: yes
configure:3662: checking for sys/param.h
configure:3662: result: yes
configure:3662: checking for fcntl.h
configure:3662: result: yes
configure:3662: checking net/bpf.h usability
configure:3662: gcc -c -g -O2  conftest.c >&5
conftest.c:64:10: fatal error: net/bpf.h: No such file or directory
 #include <net/bpf.h>
          ^~~~~~~~~~~
compilation terminated.
configure:3662: $? = 1
configure: failed program was:
| /* confdefs.h */
| #define PACKAGE_NAME ""
| #define PACKAGE_TARNAME ""
| #define PACKAGE_VERSION ""
| #define PACKAGE_STRING ""
| #define PACKAGE_BUGREPORT ""
| #define PACKAGE_URL ""
| #define STDC_HEADERS 1
| #define HAVE_SYS_WAIT_H 1
| #define HAVE_SYS_TYPES_H 1
| #define HAVE_SYS_STAT_H 1
| #define HAVE_STDLIB_H 1
| #define HAVE_STRING_H 1
| #define HAVE_MEMORY_H 1
| #define HAVE_STRINGS_H 1
| #define HAVE_INTTYPES_H 1
| #define HAVE_STDINT_H 1
| #define HAVE_UNISTD_H 1
| #define HAVE_FCNTL_H 1
| #define HAVE_SYS_IOCTL_H 1
| #define HAVE_SYS_TIME_H 1
| #define HAVE_SYSLOG_H 1
| #define HAVE_UNISTD_H 1
| #define HAVE_NET_IF_ARP_H 1
| #define HAVE_NETINET_IF_ETHER_H 1
| #define HAVE_GETOPT_H 1
| #define HAVE_SYS_UIO_H 1
| #define HAVE_SYS_PARAM_H 1
| #define HAVE_FCNTL_H 1
| /* end confdefs.h.  */
| #include <stdio.h>
| #ifdef HAVE_SYS_TYPES_H
| # include <sys/types.h>
| #endif
| #ifdef HAVE_SYS_STAT_H
| # include <sys/stat.h>
| #endif
| #ifdef STDC_HEADERS
| # include <stdlib.h>
| # include <stddef.h>
| #else
| # ifdef HAVE_STDLIB_H
| #  include <stdlib.h>
| # endif
| #endif
| #ifdef HAVE_STRING_H
| # if !defined STDC_HEADERS && defined HAVE_MEMORY_H
| #  include <memory.h>
| # endif
| # include <string.h>
| #endif
| #ifdef HAVE_STRINGS_H
| # include <strings.h>
| #endif
| #ifdef HAVE_INTTYPES_H
| # include <inttypes.h>
| #endif
| #ifdef HAVE_STDINT_H
| # include <stdint.h>
| #endif
| #ifdef HAVE_UNISTD_H
| # include <unistd.h>
| #endif
| #include <net/bpf.h>
configure:3662: result: no
configure:3662: checking net/bpf.h presence
configure:3662: gcc -E  conftest.c
conftest.c:31:10: fatal error: net/bpf.h: No such file or directory
 #include <net/bpf.h>
          ^~~~~~~~~~~
compilation terminated.
configure:3662: $? = 1
configure: failed program was:
| /* confdefs.h */
| #define PACKAGE_NAME ""
| #define PACKAGE_TARNAME ""
| #define PACKAGE_VERSION ""
| #define PACKAGE_STRING ""
| #define PACKAGE_BUGREPORT ""
| #define PACKAGE_URL ""
| #define STDC_HEADERS 1
| #define HAVE_SYS_WAIT_H 1
| #define HAVE_SYS_TYPES_H 1
| #define HAVE_SYS_STAT_H 1
| #define HAVE_STDLIB_H 1
| #define HAVE_STRING_H 1
| #define HAVE_MEMORY_H 1
| #define HAVE_STRINGS_H 1
| #define HAVE_INTTYPES_H 1
| #define HAVE_STDINT_H 1
| #define HAVE_UNISTD_H 1
| #define HAVE_FCNTL_H 1
| #define HAVE_SYS_IOCTL_H 1
| #define HAVE_SYS_TIME_H 1
| #define HAVE_SYSLOG_H 1
| #define HAVE_UNISTD_H 1
| #define HAVE_NET_IF_ARP_H 1
| #define HAVE_NETINET_IF_ETHER_H 1
| #define HAVE_GETOPT_H 1
| #define HAVE_SYS_UIO_H 1
| #define HAVE_SYS_PARAM_H 1
| #define HAVE_FCNTL_H 1
| /* end confdefs.h.  */
| #include <net/bpf.h>
configure:3662: result: no
configure:3662: checking for net/bpf.h
configure:3662: result: no
configure:3662: checking netpacket/packet.h usability
configure:3662: gcc -c -g -O2  conftest.c >&5
configure:3662: $? = 0
configure:3662: result: yes
configure:3662: checking netpacket/packet.h presence
configure:3662: gcc -E  conftest.c
configure:3662: $? = 0
configure:3662: result: yes
configure:3662: checking for netpacket/packet.h
configure:3662: result: yes
configure:3662: checking net/ethernet.h usability
configure:3662: gcc -c -g -O2  conftest.c >&5
configure:3662: $? = 0
configure:3662: result: yes
configure:3662: checking net/ethernet.h presence
configure:3662: gcc -E  conftest.c
configure:3662: $? = 0
configure:3662: result: yes
configure:3662: checking for net/ethernet.h
configure:3662: result: yes
configure:3662: checking asm/types.h usability
configure:3662: gcc -c -g -O2  conftest.c >&5
configure:3662: $? = 0
configure:3662: result: yes
configure:3662: checking asm/types.h presence
configure:3662: gcc -E  conftest.c
configure:3662: $? = 0
configure:3662: result: yes
configure:3662: checking for asm/types.h
configure:3662: result: yes
configure:3662: checking linux/if_packet.h usability
configure:3662: gcc -c -g -O2  conftest.c >&5
configure:3662: $? = 0
configure:3662: result: yes
configure:3662: checking linux/if_packet.h presence
configure:3662: gcc -E  conftest.c
configure:3662: $? = 0
configure:3662: result: yes
configure:3662: checking for linux/if_packet.h
configure:3662: result: yes
configure:3662: checking linux/if_ether.h usability
configure:3662: gcc -c -g -O2  conftest.c >&5
configure:3662: $? = 0
configure:3662: result: yes
configure:3662: checking linux/if_ether.h presence
configure:3662: gcc -E  conftest.c
configure:3662: $? = 0
configure:3662: result: yes
configure:3662: checking for linux/if_ether.h
configure:3662: result: yes
configure:3662: checking sys/socket.h usability
configure:3662: gcc -c -g -O2  conftest.c >&5
configure:3662: $? = 0
configure:3662: result: yes
configure:3662: checking sys/socket.h presence
configure:3662: gcc -E  conftest.c
configure:3662: $? = 0
configure:3662: result: yes
configure:3662: checking for sys/socket.h
configure:3662: result: yes
configure:3662: checking net/if.h usability
configure:3662: gcc -c -g -O2  conftest.c >&5
configure:3662: $? = 0
configure:3662: result: yes
configure:3662: checking net/if.h presence
configure:3662: gcc -E  conftest.c
configure:3662: $? = 0
configure:3662: result: yes
configure:3662: checking for net/if.h
configure:3662: result: yes
configure:3662: checking net/if_dl.h usability
configure:3662: gcc -c -g -O2  conftest.c >&5
conftest.c:71:10: fatal error: net/if_dl.h: No such file or directory
 #include <net/if_dl.h>
          ^~~~~~~~~~~~~
compilation terminated.
configure:3662: $? = 1
configure: failed program was:
| /* confdefs.h */
| #define PACKAGE_NAME ""
| #define PACKAGE_TARNAME ""
| #define PACKAGE_VERSION ""
| #define PACKAGE_STRING ""
| #define PACKAGE_BUGREPORT ""
| #define PACKAGE_URL ""
| #define STDC_HEADERS 1
| #define HAVE_SYS_WAIT_H 1
| #define HAVE_SYS_TYPES_H 1
| #define HAVE_SYS_STAT_H 1
| #define HAVE_STDLIB_H 1
| #define HAVE_STRING_H 1
| #define HAVE_MEMORY_H 1
| #define HAVE_STRINGS_H 1
| #define HAVE_INTTYPES_H 1
| #define HAVE_STDINT_H 1
| #define HAVE_UNISTD_H 1
| #define HAVE_FCNTL_H 1
| #define HAVE_SYS_IOCTL_H 1
| #define HAVE_SYS_TIME_H 1
| #define HAVE_SYSLOG_H 1
| #define HAVE_UNISTD_H 1
| #define HAVE_NET_IF_ARP_H 1
| #define HAVE_NETINET_IF_ETHER_H 1
| #define HAVE_GETOPT_H 1
| #define HAVE_SYS_UIO_H 1
| #define HAVE_SYS_PARAM_H 1
| #define HAVE_FCNTL_H 1
| #define HAVE_NETPACKET_PACKET_H 1
| #define HAVE_NET_ETHERNET_H 1
| #define HAVE_ASM_TYPES_H 1
| #define HAVE_LINUX_IF_PACKET_H 1
| #define HAVE_LINUX_IF_ETHER_H 1
| #define HAVE_SYS_SOCKET_H 1
| #define HAVE_NET_IF_H 1
| /* end confdefs.h.  */
| #include <stdio.h>
| #ifdef HAVE_SYS_TYPES_H
| # include <sys/types.h>
| #endif
| #ifdef HAVE_SYS_STAT_H
| # include <sys/stat.h>
| #endif
| #ifdef STDC_HEADERS
| # include <stdlib.h>
| # include <stddef.h>
| #else
| # ifdef HAVE_STDLIB_H
| #  include <stdlib.h>
| # endif
| #endif
| #ifdef HAVE_STRING_H
| # if !defined STDC_HEADERS && defined HAVE_MEMORY_H
| #  include <memory.h>
| # endif
| # include <string.h>
| #endif
| #ifdef HAVE_STRINGS_H
| # include <strings.h>
| #endif
| #ifdef HAVE_INTTYPES_H
| # include <inttypes.h>
| #endif
| #ifdef HAVE_STDINT_H
| # include <stdint.h>
| #endif
| #ifdef HAVE_UNISTD_H
| # include <unistd.h>
| #endif
| #include <net/if_dl.h>
configure:3662: result: no
configure:3662: checking net/if_dl.h presence
configure:3662: gcc -E  conftest.c
conftest.c:38:10: fatal error: net/if_dl.h: No such file or directory
 #include <net/if_dl.h>
          ^~~~~~~~~~~~~
compilation terminated.
configure:3662: $? = 1
configure: failed program was:
| /* confdefs.h */
| #define PACKAGE_NAME ""
| #define PACKAGE_TARNAME ""
| #define PACKAGE_VERSION ""
| #define PACKAGE_STRING ""
| #define PACKAGE_BUGREPORT ""
| #define PACKAGE_URL ""
| #define STDC_HEADERS 1
| #define HAVE_SYS_WAIT_H 1
| #define HAVE_SYS_TYPES_H 1
| #define HAVE_SYS_STAT_H 1
| #define HAVE_STDLIB_H 1
| #define HAVE_STRING_H 1
| #define HAVE_MEMORY_H 1
| #define HAVE_STRINGS_H 1
| #define HAVE_INTTYPES_H 1
| #define HAVE_STDINT_H 1
| #define HAVE_UNISTD_H 1
| #define HAVE_FCNTL_H 1
| #define HAVE_SYS_IOCTL_H 1
| #define HAVE_SYS_TIME_H 1
| #define HAVE_SYSLOG_H 1
| #define HAVE_UNISTD_H 1
| #define HAVE_NET_IF_ARP_H 1
| #define HAVE_NETINET_IF_ETHER_H 1
| #define HAVE_GETOPT_H 1
| #define HAVE_SYS_UIO_H 1
| #define HAVE_SYS_PARAM_H 1
| #define HAVE_FCNTL_H 1
| #define HAVE_NETPACKET_PACKET_H 1
| #define HAVE_NET_ETHERNET_H 1
| #define HAVE_ASM_TYPES_H 1
| #define HAVE_LINUX_IF_PACKET_H 1
| #define HAVE_LINUX_IF_ETHER_H 1
| #define HAVE_SYS_SOCKET_H 1
| #define HAVE_NET_IF_H 1
| /* end confdefs.h.  */
| #include <net/if_dl.h>
configure:3662: result: no
configure:3662: checking for net/if_dl.h
configure:3662: result: no
configure:3662: checking net/if_ether.h usability
configure:3662: gcc -c -g -O2  conftest.c >&5
conftest.c:71:10: fatal error: net/if_ether.h: No such file or directory
 #include <net/if_ether.h>
          ^~~~~~~~~~~~~~~~
compilation terminated.
configure:3662: $? = 1
configure: failed program was:
| /* confdefs.h */
| #define PACKAGE_NAME ""
| #define PACKAGE_TARNAME ""
| #define PACKAGE_VERSION ""
| #define PACKAGE_STRING ""
| #define PACKAGE_BUGREPORT ""
| #define PACKAGE_URL ""
| #define STDC_HEADERS 1
| #define HAVE_SYS_WAIT_H 1
| #define HAVE_SYS_TYPES_H 1
| #define HAVE_SYS_STAT_H 1
| #define HAVE_STDLIB_H 1
| #define HAVE_STRING_H 1
| #define HAVE_MEMORY_H 1
| #define HAVE_STRINGS_H 1
| #define HAVE_INTTYPES_H 1
| #define HAVE_STDINT_H 1
| #define HAVE_UNISTD_H 1
| #define HAVE_FCNTL_H 1
| #define HAVE_SYS_IOCTL_H 1
| #define HAVE_SYS_TIME_H 1
| #define HAVE_SYSLOG_H 1
| #define HAVE_UNISTD_H 1
| #define HAVE_NET_IF_ARP_H 1
| #define HAVE_NETINET_IF_ETHER_H 1
| #define HAVE_GETOPT_H 1
| #define HAVE_SYS_UIO_H 1
| #define HAVE_SYS_PARAM_H 1
| #define HAVE_FCNTL_H 1
| #define HAVE_NETPACKET_PACKET_H 1
| #define HAVE_NET_ETHERNET_H 1
| #define HAVE_ASM_TYPES_H 1
| #define HAVE_LINUX_IF_PACKET_H 1
| #define HAVE_LINUX_IF_ETHER_H 1
| #define HAVE_SYS_SOCKET_H 1
| #define HAVE_NET_IF_H 1
| /* end confdefs.h.  */
| #include <stdio.h>
| #ifdef HAVE_SYS_TYPES_H
| # include <sys/types.h>
| #endif
| #ifdef HAVE_SYS_STAT_H
| # include <sys/stat.h>
| #endif
| #ifdef STDC_HEADERS
| # include <stdlib.h>
| # include <stddef.h>
| #else
| # ifdef HAVE_STDLIB_H
| #  include <stdlib.h>
| # endif
| #endif
| #ifdef HAVE_STRING_H
| # if !defined STDC_HEADERS && defined HAVE_MEMORY_H
| #  include <memory.h>
| # endif
| # include <string.h>
| #endif
| #ifdef HAVE_STRINGS_H
| # include <strings.h>
| #endif
| #ifdef HAVE_INTTYPES_H
| # include <inttypes.h>
| #endif
| #ifdef HAVE_STDINT_H
| # include <stdint.h>
| #endif
| #ifdef HAVE_UNISTD_H
| # include <unistd.h>
| #endif
| #include <net/if_ether.h>
configure:3662: result: no
configure:3662: checking net/if_ether.h presence
configure:3662: gcc -E  conftest.c
conftest.c:38:10: fatal error: net/if_ether.h: No such file or directory
 #include <net/if_ether.h>
          ^~~~~~~~~~~~~~~~
compilation terminated.
configure:3662: $? = 1
configure: failed program was:
| /* confdefs.h */
| #define PACKAGE_NAME ""
| #define PACKAGE_TARNAME ""
| #define PACKAGE_VERSION ""
| #define PACKAGE_STRING ""
| #define PACKAGE_BUGREPORT ""
| #define PACKAGE_URL ""
| #define STDC_HEADERS 1
| #define HAVE_SYS_WAIT_H 1
| #define HAVE_SYS_TYPES_H 1
| #define HAVE_SYS_STAT_H 1
| #define HAVE_STDLIB_H 1
| #define HAVE_STRING_H 1
| #define HAVE_MEMORY_H 1
| #define HAVE_STRINGS_H 1
| #define HAVE_INTTYPES_H 1
| #define HAVE_STDINT_H 1
| #define HAVE_UNISTD_H 1
| #define HAVE_FCNTL_H 1
| #define HAVE_SYS_IOCTL_H 1
| #define HAVE_SYS_TIME_H 1
| #define HAVE_SYSLOG_H 1
| #define HAVE_UNISTD_H 1
| #define HAVE_NET_IF_ARP_H 1
| #define HAVE_NETINET_IF_ETHER_H 1
| #define HAVE_GETOPT_H 1
| #define HAVE_SYS_UIO_H 1
| #define HAVE_SYS_PARAM_H 1
| #define HAVE_FCNTL_H 1
| #define HAVE_NETPACKET_PACKET_H 1
| #define HAVE_NET_ETHERNET_H 1
| #define HAVE_ASM_TYPES_H 1
| #define HAVE_LINUX_IF_PACKET_H 1
| #define HAVE_LINUX_IF_ETHER_H 1
| #define HAVE_SYS_SOCKET_H 1
| #define HAVE_NET_IF_H 1
| /* end confdefs.h.  */
| #include <net/if_ether.h>
configure:3662: result: no
configure:3662: checking for net/if_ether.h
configure:3662: result: no
configure:3662: checking net/if_types.h usability
configure:3662: gcc -c -g -O2  conftest.c >&5
conftest.c:71:10: fatal error: net/if_types.h: No such file or directory
 #include <net/if_types.h>
          ^~~~~~~~~~~~~~~~
compilation terminated.
configure:3662: $? = 1
configure: failed program was:
| /* confdefs.h */
| #define PACKAGE_NAME ""
| #define PACKAGE_TARNAME ""
| #define PACKAGE_VERSION ""
| #define PACKAGE_STRING ""
| #define PACKAGE_BUGREPORT ""
| #define PACKAGE_URL ""
| #define STDC_HEADERS 1
| #define HAVE_SYS_WAIT_H 1
| #define HAVE_SYS_TYPES_H 1
| #define HAVE_SYS_STAT_H 1
| #define HAVE_STDLIB_H 1
| #define HAVE_STRING_H 1
| #define HAVE_MEMORY_H 1
| #define HAVE_STRINGS_H 1
| #define HAVE_INTTYPES_H 1
| #define HAVE_STDINT_H 1
| #define HAVE_UNISTD_H 1
| #define HAVE_FCNTL_H 1
| #define HAVE_SYS_IOCTL_H 1
| #define HAVE_SYS_TIME_H 1
| #define HAVE_SYSLOG_H 1
| #define HAVE_UNISTD_H 1
| #define HAVE_NET_IF_ARP_H 1
| #define HAVE_NETINET_IF_ETHER_H 1
| #define HAVE_GETOPT_H 1
| #define HAVE_SYS_UIO_H 1
| #define HAVE_SYS_PARAM_H 1
| #define HAVE_FCNTL_H 1
| #define HAVE_NETPACKET_PACKET_H 1
| #define HAVE_NET_ETHERNET_H 1
| #define HAVE_ASM_TYPES_H 1
| #define HAVE_LINUX_IF_PACKET_H 1
| #define HAVE_LINUX_IF_ETHER_H 1
| #define HAVE_SYS_SOCKET_H 1
| #define HAVE_NET_IF_H 1
| /* end confdefs.h.  */
| #include <stdio.h>
| #ifdef HAVE_SYS_TYPES_H
| # include <sys/types.h>
| #endif
| #ifdef HAVE_SYS_STAT_H
| # include <sys/stat.h>
| #endif
| #ifdef STDC_HEADERS
| # include <stdlib.h>
| # include <stddef.h>
| #else
| # ifdef HAVE_STDLIB_H
| #  include <stdlib.h>
| # endif
| #endif
| #ifdef HAVE_STRING_H
| # if !defined STDC_HEADERS && defined HAVE_MEMORY_H
| #  include <memory.h>
| # endif
| # include <string.h>
| #endif
| #ifdef HAVE_STRINGS_H
| # include <strings.h>
| #endif
| #ifdef HAVE_INTTYPES_H
| # include <inttypes.h>
| #endif
| #ifdef HAVE_STDINT_H
| # include <stdint.h>
| #endif
| #ifdef HAVE_UNISTD_H
| # include <unistd.h>
| #endif
| #include <net/if_types.h>
configure:3662: result: no
configure:3662: checking net/if_types.h presence
configure:3662: gcc -E  conftest.c
conftest.c:38:10: fatal error: net/if_types.h: No such file or directory
 #include <net/if_types.h>
          ^~~~~~~~~~~~~~~~
compilation terminated.
configure:3662: $? = 1
configure: failed program was:
| /* confdefs.h */
| #define PACKAGE_NAME ""
| #define PACKAGE_TARNAME ""
| #define PACKAGE_VERSION ""
| #define PACKAGE_STRING ""
| #define PACKAGE_BUGREPORT ""
| #define PACKAGE_URL ""
| #define STDC_HEADERS 1
| #define HAVE_SYS_WAIT_H 1
| #define HAVE_SYS_TYPES_H 1
| #define HAVE_SYS_STAT_H 1
| #define HAVE_STDLIB_H 1
| #define HAVE_STRING_H 1
| #define HAVE_MEMORY_H 1
| #define HAVE_STRINGS_H 1
| #define HAVE_INTTYPES_H 1
| #define HAVE_STDINT_H 1
| #define HAVE_UNISTD_H 1
| #define HAVE_FCNTL_H 1
| #define HAVE_SYS_IOCTL_H 1
| #define HAVE_SYS_TIME_H 1
| #define HAVE_SYSLOG_H 1
| #define HAVE_UNISTD_H 1
| #define HAVE_NET_IF_ARP_H 1
| #define HAVE_NETINET_IF_ETHER_H 1
| #define HAVE_GETOPT_H 1
| #define HAVE_SYS_UIO_H 1
| #define HAVE_SYS_PARAM_H 1
| #define HAVE_FCNTL_H 1
| #define HAVE_NETPACKET_PACKET_H 1
| #define HAVE_NET_ETHERNET_H 1
| #define HAVE_ASM_TYPES_H 1
| #define HAVE_LINUX_IF_PACKET_H 1
| #define HAVE_LINUX_IF_ETHER_H 1
| #define HAVE_SYS_SOCKET_H 1
| #define HAVE_NET_IF_H 1
| /* end confdefs.h.  */
| #include <net/if_types.h>
configure:3662: result: no
configure:3662: checking for net/if_types.h
configure:3662: result: no
configure:3662: checking for netinet/if_ether.h
configure:3662: result: yes
configure:3662: checking for net/if_types.h
configure:3662: result: no
configure:3662: checking for net/if_dl.h
configure:3662: result: no
configure:3674: checking for linux/if.h
configure:3674: gcc -c -g -O2  conftest.c >&5
configure:3674: $? = 0
configure:3674: result: yes
configure:3687: checking for linux/if_pppox.h
configure:3687: gcc -c -g -O2  conftest.c >&5
configure:3687: $? = 0
configure:3687: result: yes
configure:3704: checking for an ANSI C-conforming const
configure:3770: gcc -c -g -O2  conftest.c >&5
configure:3770: $? = 0
configure:3777: result: yes
configure:3785: checking for pid_t
configure:3785: gcc -c -g -O2  conftest.c >&5
configure:3785: $? = 0
configure:3785: gcc -c -g -O2  conftest.c >&5
conftest.c: In function 'main':
conftest.c:77:20: error: expected expression before ')' token
 if (sizeof ((pid_t)))
                    ^
configure:3785: $? = 1
configure: failed program was:
| /* confdefs.h */
| #define PACKAGE_NAME ""
| #define PACKAGE_TARNAME ""
| #define PACKAGE_VERSION ""
| #define PACKAGE_STRING ""
| #define PACKAGE_BUGREPORT ""
| #define PACKAGE_URL ""
| #define STDC_HEADERS 1
| #define HAVE_SYS_WAIT_H 1
| #define HAVE_SYS_TYPES_H 1
| #define HAVE_SYS_STAT_H 1
| #define HAVE_STDLIB_H 1
| #define HAVE_STRING_H 1
| #define HAVE_MEMORY_H 1
| #define HAVE_STRINGS_H 1
| #define HAVE_INTTYPES_H 1
| #define HAVE_STDINT_H 1
| #define HAVE_UNISTD_H 1
| #define HAVE_FCNTL_H 1
| #define HAVE_SYS_IOCTL_H 1
| #define HAVE_SYS_TIME_H 1
| #define HAVE_SYSLOG_H 1
| #define HAVE_UNISTD_H 1
| #define HAVE_NET_IF_ARP_H 1
| #define HAVE_NETINET_IF_ETHER_H 1
| #define HAVE_GETOPT_H 1
| #define HAVE_SYS_UIO_H 1
| #define HAVE_SYS_PARAM_H 1
| #define HAVE_FCNTL_H 1
| #define HAVE_NETPACKET_PACKET_H 1
| #define HAVE_NET_ETHERNET_H 1
| #define HAVE_ASM_TYPES_H 1
| #define HAVE_LINUX_IF_PACKET_H 1
| #define HAVE_LINUX_IF_ETHER_H 1
| #define HAVE_SYS_SOCKET_H 1
| #define HAVE_NET_IF_H 1
| #define HAVE_NETINET_IF_ETHER_H 1
| #define HAVE_LINUX_IF_H 1
| #define HAVE_LINUX_IF_PPPOX_H 1
| /* end confdefs.h.  */
| #include <stdio.h>
| #ifdef HAVE_SYS_TYPES_H
| # include <sys/types.h>
| #endif
| #ifdef HAVE_SYS_STAT_H
| # include <sys/stat.h>
| #endif
| #ifdef STDC_HEADERS
| # include <stdlib.h>
| # include <stddef.h>
| #else
| # ifdef HAVE_STDLIB_H
| #  include <stdlib.h>
| # endif
| #endif
| #ifdef HAVE_STRING_H
| # if !defined STDC_HEADERS && defined HAVE_MEMORY_H
| #  include <memory.h>
| # endif
| # include <string.h>
| #endif
| #ifdef HAVE_STRINGS_H
| # include <strings.h>
| #endif
| #ifdef HAVE_INTTYPES_H
| # include <inttypes.h>
| #endif
| #ifdef HAVE_STDINT_H
| # include <stdint.h>
| #endif
| #ifdef HAVE_UNISTD_H
| # include <unistd.h>
| #endif
| int
| main ()
| {
| if (sizeof ((pid_t)))
| 	    return 0;
|   ;
|   return 0;
| }
configure:3785: result: yes
configure:3796: checking whether time.h and sys/time.h may both be included
configure:3816: gcc -c -g -O2  conftest.c >&5
configure:3816: $? = 0
configure:3823: result: yes
configure:3831: checking whether struct tm is in sys/time.h or time.h
configure:3851: gcc -c -g -O2  conftest.c >&5
configure:3851: $? = 0
configure:3858: result: time.h
configure:3867: checking for struct sockaddr_ll
configure:3883: gcc -c -g -O2  conftest.c >&5
configure:3883: $? = 0
configure:3889: result: yes
configure:3897: checking for N_HDLC line discipline
configure:3912: gcc -c -g -O2  conftest.c >&5
configure:3912: $? = 0
configure:3918: result: yes
configure:4010: checking for working memcmp
configure:4053: gcc -o conftest -g -O2   conftest.c  >&5
configure:4053: $? = 0
configure:4053: ./conftest
configure:4053: $? = 0
configure:4063: result: yes
configure:4079: checking return type of signal handlers
configure:4097: gcc -c -g -O2  conftest.c >&5
conftest.c: In function 'main':
conftest.c:51:10: error: void value not ignored as it ought to be
 return *(signal (0, 0)) (0) == 1;
         ~^~~~~~~~~~~~~~~~~~
configure:4097: $? = 1
configure: failed program was:
| /* confdefs.h */
| #define PACKAGE_NAME ""
| #define PACKAGE_TARNAME ""
| #define PACKAGE_VERSION ""
| #define PACKAGE_STRING ""
| #define PACKAGE_BUGREPORT ""
| #define PACKAGE_URL ""
| #define STDC_HEADERS 1
| #define HAVE_SYS_WAIT_H 1
| #define HAVE_SYS_TYPES_H 1
| #define HAVE_SYS_STAT_H 1
| #define HAVE_STDLIB_H 1
| #define HAVE_STRING_H 1
| #define HAVE_MEMORY_H 1
| #define HAVE_STRINGS_H 1
| #define HAVE_INTTYPES_H 1
| #define HAVE_STDINT_H 1
| #define HAVE_UNISTD_H 1
| #define HAVE_FCNTL_H 1
| #define HAVE_SYS_IOCTL_H 1
| #define HAVE_SYS_TIME_H 1
| #define HAVE_SYSLOG_H 1
| #define HAVE_UNISTD_H 1
| #define HAVE_NET_IF_ARP_H 1
| #define HAVE_NETINET_IF_ETHER_H 1
| #define HAVE_GETOPT_H 1
| #define HAVE_SYS_UIO_H 1
| #define HAVE_SYS_PARAM_H 1
| #define HAVE_FCNTL_H 1
| #define HAVE_NETPACKET_PACKET_H 1
| #define HAVE_NET_ETHERNET_H 1
| #define HAVE_ASM_TYPES_H 1
| #define HAVE_LINUX_IF_PACKET_H 1
| #define HAVE_LINUX_IF_ETHER_H 1
| #define HAVE_SYS_SOCKET_H 1
| #define HAVE_NET_IF_H 1
| #define HAVE_NETINET_IF_ETHER_H 1
| #define HAVE_LINUX_IF_H 1
| #define HAVE_LINUX_IF_PPPOX_H 1
| #define TIME_WITH_SYS_TIME 1
| #define HAVE_STRUCT_SOCKADDR_LL 1
| #define HAVE_N_HDLC 1
| #define DEBUGGING_ENABLED 1
| /* end confdefs.h.  */
| #include <sys/types.h>
| #include <signal.h>
| 
| int
| main ()
| {
| return *(signal (0, 0)) (0) == 1;
|   ;
|   return 0;
| }
configure:4104: result: void
configure:4115: checking for select
configure:4115: gcc -o conftest -g -O2   conftest.c  >&5
configure:4115: $? = 0
configure:4115: result: yes
configure:4115: checking for socket
configure:4115: gcc -o conftest -g -O2   conftest.c  >&5
configure:4115: $? = 0
configure:4115: result: yes
configure:4115: checking for strerror
configure:4115: gcc -o conftest -g -O2   conftest.c  >&5
configure:4115: $? = 0
configure:4115: result: yes
configure:4115: checking for strtol
configure:4115: gcc -o conftest -g -O2   conftest.c  >&5
configure:4115: $? = 0
configure:4115: result: yes
configure:4115: checking for strlcpy
configure:4115: gcc -o conftest -g -O2   conftest.c  >&5
/usr/bin/ld: /tmp/cc007MfF.o: in function `main':
/root/rp-pppoe-3.14/src/conftest.c:84: undefined reference to `strlcpy'
collect2: error: ld returned 1 exit status
configure:4115: $? = 1
configure: failed program was:
| /* confdefs.h */
| #define PACKAGE_NAME ""
| #define PACKAGE_TARNAME ""
| #define PACKAGE_VERSION ""
| #define PACKAGE_STRING ""
| #define PACKAGE_BUGREPORT ""
| #define PACKAGE_URL ""
| #define STDC_HEADERS 1
| #define HAVE_SYS_WAIT_H 1
| #define HAVE_SYS_TYPES_H 1
| #define HAVE_SYS_STAT_H 1
| #define HAVE_STDLIB_H 1
| #define HAVE_STRING_H 1
| #define HAVE_MEMORY_H 1
| #define HAVE_STRINGS_H 1
| #define HAVE_INTTYPES_H 1
| #define HAVE_STDINT_H 1
| #define HAVE_UNISTD_H 1
| #define HAVE_FCNTL_H 1
| #define HAVE_SYS_IOCTL_H 1
| #define HAVE_SYS_TIME_H 1
| #define HAVE_SYSLOG_H 1
| #define HAVE_UNISTD_H 1
| #define HAVE_NET_IF_ARP_H 1
| #define HAVE_NETINET_IF_ETHER_H 1
| #define HAVE_GETOPT_H 1
| #define HAVE_SYS_UIO_H 1
| #define HAVE_SYS_PARAM_H 1
| #define HAVE_FCNTL_H 1
| #define HAVE_NETPACKET_PACKET_H 1
| #define HAVE_NET_ETHERNET_H 1
| #define HAVE_ASM_TYPES_H 1
| #define HAVE_LINUX_IF_PACKET_H 1
| #define HAVE_LINUX_IF_ETHER_H 1
| #define HAVE_SYS_SOCKET_H 1
| #define HAVE_NET_IF_H 1
| #define HAVE_NETINET_IF_ETHER_H 1
| #define HAVE_LINUX_IF_H 1
| #define HAVE_LINUX_IF_PPPOX_H 1
| #define TIME_WITH_SYS_TIME 1
| #define HAVE_STRUCT_SOCKADDR_LL 1
| #define HAVE_N_HDLC 1
| #define DEBUGGING_ENABLED 1
| #define RETSIGTYPE void
| #define HAVE_SELECT 1
| #define HAVE_SOCKET 1
| #define HAVE_STRERROR 1
| #define HAVE_STRTOL 1
| /* end confdefs.h.  */
| /* Define strlcpy to an innocuous variant, in case <limits.h> declares strlcpy.
|    For example, HP-UX 11i <limits.h> declares gettimeofday.  */
| #define strlcpy innocuous_strlcpy
| 
| /* System header to define __stub macros and hopefully few prototypes,
|     which can conflict with char strlcpy (); below.
|     Prefer <limits.h> to <assert.h> if __STDC__ is defined, since
|     <limits.h> exists even on freestanding compilers.  */
| 
| #ifdef __STDC__
| # include <limits.h>
| #else
| # include <assert.h>
| #endif
| 
| #undef strlcpy
| 
| /* Override any GCC internal prototype to avoid an error.
|    Use char because int might match the return type of a GCC
|    builtin and then its argument prototype would still apply.  */
| #ifdef __cplusplus
| extern "C"
| #endif
| char strlcpy ();
| /* The GNU C library defines this for functions which it implements
|     to always fail with ENOSYS.  Some functions are actually named
|     something starting with __ and the normal name is an alias.  */
| #if defined __stub_strlcpy || defined __stub___strlcpy
| choke me
| #endif
| 
| int
| main ()
| {
| return strlcpy ();
|   ;
|   return 0;
| }
configure:4115: result: no
configure:4167: checking for a BSD-compatible install
configure:4235: result: /usr/bin/install -c
configure:4251: checking size of unsigned short
configure:4256: gcc -o conftest -g -O2   conftest.c  >&5
configure:4256: $? = 0
configure:4256: ./conftest
configure:4256: $? = 0
configure:4270: result: 2
configure:4284: checking size of unsigned int
configure:4289: gcc -o conftest -g -O2   conftest.c  >&5
configure:4289: $? = 0
configure:4289: ./conftest
configure:4289: $? = 0
configure:4303: result: 4
configure:4317: checking size of unsigned long
configure:4322: gcc -o conftest -g -O2   conftest.c  >&5
configure:4322: $? = 0
configure:4322: ./conftest
configure:4322: $? = 0
configure:4336: result: 4
configure:4349: checking for pppd
configure:4368: found /usr/sbin/pppd
configure:4381: result: /usr/sbin/pppd
configure:4392: checking for setsid
configure:4411: found /usr/bin/setsid
configure:4424: result: /usr/bin/setsid
configure:4435: checking for id
configure:4454: found /usr/bin/id
configure:4467: result: /usr/bin/id
configure:4476: checking for Linux 2.4.X kernel-mode PPPoE support
configure:4505: gcc -o conftest -g -O2   conftest.c  >&5
configure:4505: $? = 0
configure:4505: ./conftest
configure:4505: $? = 0
configure:4521: result: yes
configure:4751: creating ./config.status

## ---------------------- ##
## Running config.status. ##
## ---------------------- ##

This file was extended by config.status, which was
generated by GNU Autoconf 2.69.  Invocation command line was

  CONFIG_FILES    = 
  CONFIG_HEADERS  = 
  CONFIG_LINKS    = 
  CONFIG_COMMANDS = 
  $ ./config.status 

on raspberrypi

config.status:861: creating Makefile
config.status:964: WARNING:  'Makefile.in' seems to ignore the --datarootdir setting
config.status:861: creating libevent/Makefile
config.status:861: creating ../scripts/pppoe-connect
config.status:861: creating ../scripts/pppoe-start
config.status:861: creating ../scripts/pppoe-stop
config.status:861: creating ../scripts/pppoe-init
config.status:861: creating ../scripts/pppoe-init-suse
config.status:861: creating ../scripts/pppoe-setup
config.status:861: creating ../gui/Makefile
config.status:964: WARNING:  '../gui/Makefile.in' seems to ignore the --datarootdir setting
config.status:861: creating ../gui/tkpppoe
config.status:861: creating config.h
configure:5926: result: On this platform, the following targets will be built:
configure:5928: result: pppoe pppoe-server pppoe-sniff pppoe-relay
configure:5930: result: Type 'make' to compile the software.

## ---------------- ##
## Cache variables. ##
## ---------------- ##

ac_cv_c_compiler_gnu=yes
ac_cv_c_const=yes
ac_cv_debugging=yes
ac_cv_env_CC_set=
ac_cv_env_CC_value=
ac_cv_env_CFLAGS_set=
ac_cv_env_CFLAGS_value=
ac_cv_env_CPPFLAGS_set=
ac_cv_env_CPPFLAGS_value=
ac_cv_env_CPP_set=
ac_cv_env_CPP_value=
ac_cv_env_LDFLAGS_set=
ac_cv_env_LDFLAGS_value=
ac_cv_env_LIBS_set=
ac_cv_env_LIBS_value=
ac_cv_env_build_alias_set=
ac_cv_env_build_alias_value=
ac_cv_env_host_alias_set=
ac_cv_env_host_alias_value=
ac_cv_env_target_alias_set=
ac_cv_env_target_alias_value=
ac_cv_func_memcmp_working=yes
ac_cv_func_select=yes
ac_cv_func_setvbuf_reversed=no
ac_cv_func_socket=yes
ac_cv_func_strerror=yes
ac_cv_func_strlcpy=no
ac_cv_func_strtol=yes
ac_cv_header_asm_types_h=yes
ac_cv_header_fcntl_h=yes
ac_cv_header_getopt_h=yes
ac_cv_header_inttypes_h=yes
ac_cv_header_linux_if_ether_h=yes
ac_cv_header_linux_if_h=yes
ac_cv_header_linux_if_packet_h=yes
ac_cv_header_linux_if_pppox_h=yes
ac_cv_header_memory_h=yes
ac_cv_header_net_bpf_h=no
ac_cv_header_net_ethernet_h=yes
ac_cv_header_net_if_arp_h=yes
ac_cv_header_net_if_dl_h=no
ac_cv_header_net_if_ether_h=no
ac_cv_header_net_if_h=yes
ac_cv_header_net_if_types_h=no
ac_cv_header_netinet_if_ether_h=yes
ac_cv_header_netpacket_packet_h=yes
ac_cv_header_stdc=yes
ac_cv_header_stdint_h=yes
ac_cv_header_stdlib_h=yes
ac_cv_header_string_h=yes
ac_cv_header_strings_h=yes
ac_cv_header_sys_dlpi_h=no
ac_cv_header_sys_ioctl_h=yes
ac_cv_header_sys_param_h=yes
ac_cv_header_sys_socket_h=yes
ac_cv_header_sys_stat_h=yes
ac_cv_header_sys_time_h=yes
ac_cv_header_sys_types_h=yes
ac_cv_header_sys_uio_h=yes
ac_cv_header_sys_wait_h=yes
ac_cv_header_syslog_h=yes
ac_cv_header_time=yes
ac_cv_header_unistd_h=yes
ac_cv_licpath=no
ac_cv_linux_kernel_pppoe=yes
ac_cv_n_hdlc=yes
ac_cv_objext=o
ac_cv_path_EGREP='/bin/grep -E'
ac_cv_path_GREP=/bin/grep
ac_cv_path_ID=/usr/bin/id
ac_cv_path_PPPD=/usr/sbin/pppd
ac_cv_path_SETSID=/usr/bin/setsid
ac_cv_path_install='/usr/bin/install -c'
ac_cv_pluginpath=no
ac_cv_prog_CPP='gcc -E'
ac_cv_prog_ac_ct_CC=gcc
ac_cv_prog_ac_ct_RANLIB=ranlib
ac_cv_prog_cc_c89=
ac_cv_prog_cc_g=yes
ac_cv_sizeof_unsigned_int=4
ac_cv_sizeof_unsigned_long=4
ac_cv_sizeof_unsigned_short=2
ac_cv_struct_sockaddr_ll=yes
ac_cv_struct_tm=time.h
ac_cv_type_pid_t=yes
ac_cv_type_signal=void

## ----------------- ##
## Output variables. ##
## ----------------- ##

CC='gcc'
CFLAGS='-g -O2 -fno-strict-aliasing -Wall -Wstrict-prototypes'
CPP='gcc -E'
CPPFLAGS=''
DEFS='-DHAVE_CONFIG_H'
ECHO_C=''
ECHO_N='-n'
ECHO_T=''
EGREP='/bin/grep -E'
EXEEXT=''
GREP='/bin/grep'
ID='/usr/bin/id'
INSTALL_DATA='${INSTALL} -m 644'
INSTALL_PROGRAM='${INSTALL}'
INSTALL_SCRIPT='${INSTALL}'
LDFLAGS=''
LIBEVENT='../libevent'
LIBOBJS=''
LIBS=''
LIC_DEFINE=''
LIC_INCDIR=''
LIC_LIB=''
LIC_LIBDIR=''
LIC_MAKEFILE_INCLUDE=''
LINUX_KERNELMODE_PLUGIN=''
LTLIBOBJS=''
OBJEXT='o'
PACKAGE_BUGREPORT=''
PACKAGE_NAME=''
PACKAGE_STRING=''
PACKAGE_TARNAME=''
PACKAGE_URL=''
PACKAGE_VERSION=''
PATH_SEPARATOR=':'
PPPD='/usr/sbin/pppd'
PPPD_H=''
PPPD_INCDIR='/usr/include'
PPPOE_RELAY='pppoe-relay'
PPPOE_SERVER_DEPS=''
RANLIB='ranlib'
RDYNAMIC=''
SETSID='/usr/bin/setsid'
SHELL='/bin/bash'
TARGETS='pppoe pppoe-server pppoe-sniff pppoe-relay'
WRAPPER='/usr/sbin/pppoe-wrapper'
ac_ct_CC='gcc'
bindir='${exec_prefix}/bin'
build_alias=''
datadir='${datarootdir}'
datadir_evaluated='${prefix}/share'
datarootdir='${prefix}/share'
docdir='${datarootdir}/doc/${PACKAGE}'
dvidir='${docdir}'
exec_prefix='${prefix}'
host_alias=''
htmldir='${docdir}'
includedir='${prefix}/include'
infodir='${datarootdir}/info'
libdir='${exec_prefix}/lib'
libexecdir='${exec_prefix}/libexec'
localedir='${datarootdir}/locale'
localstatedir='${prefix}/var'
mandir='${datarootdir}/man'
oldincludedir='/usr/include'
pdfdir='${docdir}'
prefix='/usr'
program_transform_name='s,x,x,'
psdir='${docdir}'
runstatedir='${localstatedir}/run'
sbindir='${exec_prefix}/sbin'
sharedstatedir='${prefix}/com'
sysconfdir='${prefix}/etc'
target_alias=''

## ----------- ##
## confdefs.h. ##
## ----------- ##

/* confdefs.h */
#define PACKAGE_NAME ""
#define PACKAGE_TARNAME ""
#define PACKAGE_VERSION ""
#define PACKAGE_STRING ""
#define PACKAGE_BUGREPORT ""
#define PACKAGE_URL ""
#define STDC_HEADERS 1
#define HAVE_SYS_WAIT_H 1
#define HAVE_SYS_TYPES_H 1
#define HAVE_SYS_STAT_H 1
#define HAVE_STDLIB_H 1
#define HAVE_STRING_H 1
#define HAVE_MEMORY_H 1
#define HAVE_STRINGS_H 1
#define HAVE_INTTYPES_H 1
#define HAVE_STDINT_H 1
#define HAVE_UNISTD_H 1
#define HAVE_FCNTL_H 1
#define HAVE_SYS_IOCTL_H 1
#define HAVE_SYS_TIME_H 1
#define HAVE_SYSLOG_H 1
#define HAVE_UNISTD_H 1
#define HAVE_NET_IF_ARP_H 1
#define HAVE_NETINET_IF_ETHER_H 1
#define HAVE_GETOPT_H 1
#define HAVE_SYS_UIO_H 1
#define HAVE_SYS_PARAM_H 1
#define HAVE_FCNTL_H 1
#define HAVE_NETPACKET_PACKET_H 1
#define HAVE_NET_ETHERNET_H 1
#define HAVE_ASM_TYPES_H 1
#define HAVE_LINUX_IF_PACKET_H 1
#define HAVE_LINUX_IF_ETHER_H 1
#define HAVE_SYS_SOCKET_H 1
#define HAVE_NET_IF_H 1
#define HAVE_NETINET_IF_ETHER_H 1
#define HAVE_LINUX_IF_H 1
#define HAVE_LINUX_IF_PPPOX_H 1
#define TIME_WITH_SYS_TIME 1
#define HAVE_STRUCT_SOCKADDR_LL 1
#define HAVE_N_HDLC 1
#define DEBUGGING_ENABLED 1
#define RETSIGTYPE void
#define HAVE_SELECT 1
#define HAVE_SOCKET 1
#define HAVE_STRERROR 1
#define HAVE_STRTOL 1
#define SIZEOF_UNSIGNED_SHORT 2
#define SIZEOF_UNSIGNED_INT 4
#define SIZEOF_UNSIGNED_LONG 4

configure: exit 0
